c:\users\linas\desktop\univero darbai\iterptines_sistemos\inzinerinis_projektas\programa\programa\x64\debug\vc143.pdb
c:\users\linas\desktop\univero darbai\iterptines_sistemos\inzinerinis_projektas\programa\programa\x64\debug\.netframework,version=v4.7.2.assemblyattributes.obj
c:\users\linas\desktop\univero darbai\iterptines_sistemos\inzinerinis_projektas\programa\programa\x64\debug\myform.obj
c:\users\linas\desktop\univero darbai\iterptines_sistemos\inzinerinis_projektas\programa\programa\x64\debug\pasirinkimu_langas.obj
c:\users\linas\desktop\univero darbai\iterptines_sistemos\inzinerinis_projektas\programa\x64\debug\programa.exe
c:\users\linas\desktop\univero darbai\iterptines_sistemos\inzinerinis_projektas\programa\x64\debug\programa.pdb
c:\users\linas\desktop\univero darbai\iterptines_sistemos\inzinerinis_projektas\programa\programa\x64\debug\form_options.obj
c:\users\linas\desktop\univero darbai\iterptines_sistemos\inzinerinis_projektas\programa\programa\x64\debug\programa.tlog\cl.command.1.tlog
c:\users\linas\desktop\univero darbai\iterptines_sistemos\inzinerinis_projektas\programa\programa\x64\debug\programa.tlog\cl.items.tlog
c:\users\linas\desktop\univero darbai\iterptines_sistemos\inzinerinis_projektas\programa\programa\x64\debug\programa.tlog\cl.read.1.tlog
c:\users\linas\desktop\univero darbai\iterptines_sistemos\inzinerinis_projektas\programa\programa\x64\debug\programa.tlog\cl.write.1.tlog
c:\users\linas\desktop\univero darbai\iterptines_sistemos\inzinerinis_projektas\programa\programa\x64\debug\programa.tlog\link.command.1.tlog
c:\users\linas\desktop\univero darbai\iterptines_sistemos\inzinerinis_projektas\programa\programa\x64\debug\programa.tlog\link.read.1.tlog
c:\users\linas\desktop\univero darbai\iterptines_sistemos\inzinerinis_projektas\programa\programa\x64\debug\programa.tlog\link.secondary.1.tlog
c:\users\linas\desktop\univero darbai\iterptines_sistemos\inzinerinis_projektas\programa\programa\x64\debug\programa.tlog\link.write.1.tlog
c:\users\linas\desktop\univero darbai\iterptines_sistemos\inzinerinis_projektas\programa\programa\x64\debug\programa.tlog\metagen.read.1.tlog
c:\users\linas\desktop\univero darbai\iterptines_sistemos\inzinerinis_projektas\programa\programa\x64\debug\programa.tlog\metagen.write.1.tlog
c:\users\linas\desktop\univero darbai\iterptines_sistemos\inzinerinis_projektas\programa\programa\x64\debug\programa.tlog\resgen.command.1.tlog
c:\users\linas\desktop\univero darbai\iterptines_sistemos\inzinerinis_projektas\programa\programa\x64\debug\programa.tlog\resgen.read.1.tlog
c:\users\linas\desktop\univero darbai\iterptines_sistemos\inzinerinis_projektas\programa\programa\x64\debug\programa.tlog\resgen.write.1.tlog
